<?xml version="1.0" encoding="UTF-8"?>
<testng-results ignored="0" total="1" passed="1" failed="0" skipped="0">
  <reporter-output>
  </reporter-output>
  <suite started-at="2022-11-29T15:11:39 IST" name="Default suite" finished-at="2022-11-29T15:12:15 IST" duration-ms="35604">
    <groups>
    </groups>
    <test started-at="2022-11-29T15:11:39 IST" name="Default test" finished-at="2022-11-29T15:12:15 IST" duration-ms="35604">
      <class name="Demo.CreateContactsTest">
        <test-method signature="createContactsTest()[pri:0, instance:Demo.CreateContactsTest@2df9b86]" started-at="2022-11-29T15:11:39 IST" name="createContactsTest" finished-at="2022-11-29T15:12:15 IST" duration-ms="35549" status="PASS">
          <reporter-output>
          </reporter-output>
        </test-method> <!-- createContactsTest -->
      </class> <!-- Demo.CreateContactsTest -->
    </test> <!-- Default test -->
  </suite> <!-- Default suite -->
</testng-results>
